<?xml version="1.0" encoding="UTF-8"?>
<coverage generated="1556625119318" clover="3.2.0">
  <project timestamp="1556625119318" name="All files">
    <metrics statements="26" coveredstatements="25" conditionals="10" coveredconditionals="8" methods="5" coveredmethods="5" elements="41" coveredelements="38" complexity="0" loc="26" ncloc="26" packages="3" files="3" classes="3">
      <package name="actions">
        <metrics statements="12" coveredstatements="12" conditionals="2" coveredconditionals="2" methods="1" coveredmethods="1"/>
        <file name="actions.ts" path="/Users/anna/WebstormProjects/test-todo-on-next/pages/mainPage/actions/actions.ts">
          <metrics statements="12" coveredstatements="12" conditionals="2" coveredconditionals="2" methods="1" coveredmethods="1"/>
          <line num="1" count="2" type="stmt"/>
          <line num="3" count="2" type="cond" truecount="2" falsecount="0"/>
          <line num="4" count="2" type="stmt"/>
          <line num="5" count="2" type="stmt"/>
          <line num="6" count="2" type="stmt"/>
          <line num="7" count="2" type="stmt"/>
          <line num="8" count="2" type="stmt"/>
          <line num="11" count="2" type="stmt"/>
          <line num="12" count="2" type="stmt"/>
          <line num="13" count="2" type="stmt"/>
          <line num="14" count="2" type="stmt"/>
          <line num="15" count="2" type="stmt"/>
        </file>
      </package>
      <package name="reducers">
        <metrics statements="12" coveredstatements="11" conditionals="8" coveredconditionals="6" methods="2" coveredmethods="2"/>
        <file name="reducer.ts" path="/Users/anna/WebstormProjects/test-todo-on-next/pages/mainPage/reducers/reducer.ts">
          <metrics statements="12" coveredstatements="11" conditionals="8" coveredconditionals="6" methods="2" coveredmethods="2"/>
          <line num="1" count="1" type="stmt"/>
          <line num="2" count="1" type="stmt"/>
          <line num="14" count="1" type="stmt"/>
          <line num="15" count="5" type="stmt"/>
          <line num="16" count="5" type="stmt"/>
          <line num="18" count="1" type="stmt"/>
          <line num="29" count="1" type="stmt"/>
          <line num="32" count="1" type="stmt"/>
          <line num="34" count="1" type="stmt"/>
          <line num="39" count="1" type="stmt"/>
          <line num="46" count="1" type="stmt"/>
          <line num="49" count="0" type="stmt"/>
        </file>
      </package>
      <package name="utils.redux">
        <metrics statements="2" coveredstatements="2" conditionals="0" coveredconditionals="0" methods="2" coveredmethods="2"/>
        <file name="actionCreator.ts" path="/Users/anna/WebstormProjects/test-todo-on-next/pages/mainPage/utils/redux/actionCreator.ts">
          <metrics statements="2" coveredstatements="2" conditionals="0" coveredconditionals="0" methods="2" coveredmethods="2"/>
          <line num="1" count="3" type="stmt"/>
          <line num="2" count="11" type="stmt"/>
        </file>
      </package>
    </metrics>
  </project>
</coverage>
