{"/Users/anna/WebstormProjects/test-todo-on-next/pages/mainPage/actions/actions.ts": {"path":"/Users/anna/WebstormProjects/test-todo-on-next/pages/mainPage/actions/actions.ts","statementMap":{"0":{"start":{"line":1,"column":0},"end":{"line":1,"column":59}},"1":{"start":{"line":3,"column":0},"end":{"line":9,"column":1}},"2":{"start":{"line":4,"column":2},"end":{"line":4,"column":47}},"3":{"start":{"line":5,"column":2},"end":{"line":5,"column":35}},"4":{"start":{"line":6,"column":2},"end":{"line":6,"column":33}},"5":{"start":{"line":7,"column":2},"end":{"line":7,"column":29}},"6":{"start":{"line":8,"column":2},"end":{"line":8,"column":43}},"7":{"start":{"line":11,"column":13},"end":{"line":11,"column":90}},"8":{"start":{"line":12,"column":13},"end":{"line":12,"column":75}},"9":{"start":{"line":13,"column":13},"end":{"line":13,"column":80}},"10":{"start":{"line":14,"column":13},"end":{"line":14,"column":88}},"11":{"start":{"line":15,"column":13},"end":{"line":15,"column":78}}},"fnMap":{"0":{"name":"(anonymous_0)","decl":{"start":{"line":3,"column":0},"end":{"line":3,"column":11}},"loc":{"start":{"line":3,"column":34},"end":{"line":9,"column":1}}}},"branchMap":{"0":{"loc":{"start":{"line":3,"column":12},"end":{"line":3,"column":34}},"type":"binary-expr","locations":[{"start":{"line":3,"column":12},"end":{"line":3,"column":34}},{"start":{"line":3,"column":12},"end":{"line":3,"column":34}}]}},"s":{"0":2,"1":2,"2":2,"3":2,"4":2,"5":2,"6":2,"7":2,"8":2,"9":2,"10":2,"11":2},"f":{"0":2},"b":{"0":[2,2]}}
,"/Users/anna/WebstormProjects/test-todo-on-next/pages/mainPage/reducers/reducer.ts": {"path":"/Users/anna/WebstormProjects/test-todo-on-next/pages/mainPage/reducers/reducer.ts","statementMap":{"0":{"start":{"line":1,"column":0},"end":{"line":1,"column":59}},"1":{"start":{"line":2,"column":0},"end":{"line":12,"column":14}},"2":{"start":{"line":14,"column":13},"end":{"line":52,"column":2}},"3":{"start":{"line":15,"column":22},"end":{"line":15,"column":28}},"4":{"start":{"line":16,"column":2},"end":{"line":51,"column":3}},"5":{"start":{"line":18,"column":6},"end":{"line":26,"column":16}},"6":{"start":{"line":29,"column":6},"end":{"line":29,"column":49}},"7":{"start":{"line":32,"column":6},"end":{"line":36,"column":8}},"8":{"start":{"line":34,"column":22},"end":{"line":34,"column":85}},"9":{"start":{"line":39,"column":6},"end":{"line":43,"column":8}},"10":{"start":{"line":46,"column":6},"end":{"line":46,"column":106}},"11":{"start":{"line":49,"column":6},"end":{"line":49,"column":18}}},"fnMap":{"0":{"name":"(anonymous_0)","decl":{"start":{"line":14,"column":23},"end":{"line":14,"column":24}},"loc":{"start":{"line":14,"column":41},"end":{"line":52,"column":1}}},"1":{"name":"(anonymous_1)","decl":{"start":{"line":34,"column":12},"end":{"line":34,"column":13}},"loc":{"start":{"line":34,"column":22},"end":{"line":34,"column":85}}}},"branchMap":{"0":{"loc":{"start":{"line":17,"column":4},"end":{"line":26,"column":16}},"type":"switch","locations":[{"start":{"line":17,"column":4},"end":{"line":26,"column":16}},{"start":{"line":28,"column":4},"end":{"line":29,"column":49}},{"start":{"line":31,"column":4},"end":{"line":36,"column":8}},{"start":{"line":38,"column":4},"end":{"line":43,"column":8}},{"start":{"line":45,"column":4},"end":{"line":46,"column":106}},{"start":{"line":48,"column":4},"end":{"line":49,"column":18}}]},"1":{"loc":{"start":{"line":21,"column":36},"end":{"line":21,"column":88}},"type":"cond-expr","locations":[{"start":{"line":21,"column":36},"end":{"line":21,"column":88}},{"start":{"line":21,"column":91},"end":{"line":21,"column":92}}]}},"s":{"0":1,"1":1,"2":1,"3":5,"4":5,"5":1,"6":1,"7":1,"8":1,"9":1,"10":1,"11":0},"f":{"0":5,"1":1},"b":{"0":[1,1,1,1,1,0],"1":[0,1]}}
,"/Users/anna/WebstormProjects/test-todo-on-next/pages/mainPage/utils/redux/actionCreator.ts": {"path":"/Users/anna/WebstormProjects/test-todo-on-next/pages/mainPage/utils/redux/actionCreator.ts","statementMap":{"0":{"start":{"line":2,"column":2},"end":{"line":5,"column":5}},"1":{"start":{"line":2,"column":24},"end":{"line":5,"column":3}},"2":{"start":{"line":1,"column":0},"end":{"line":6,"column":1}}},"fnMap":{"0":{"name":"createAction","decl":{"start":{"line":1,"column":0},"end":{"line":1,"column":28}},"loc":{"start":{"line":1,"column":33},"end":{"line":6,"column":1}}},"1":{"name":"(anonymous_1)","decl":{"start":{"line":2,"column":9},"end":{"line":2,"column":10}},"loc":{"start":{"line":2,"column":24},"end":{"line":5,"column":3}}}},"branchMap":{},"s":{"0":11,"1":2,"2":3},"f":{"0":11,"1":2},"b":{}}
}
