TN:
SF:/Users/anna/WebstormProjects/test-todo-on-next/pages/mainPage/actions/actions.ts
FN:3,(anonymous_0)
FNF:1
FNH:1
FNDA:2,(anonymous_0)
DA:1,2
DA:3,2
DA:4,2
DA:5,2
DA:6,2
DA:7,2
DA:8,2
DA:11,2
DA:12,2
DA:13,2
DA:14,2
DA:15,2
LF:12
LH:12
BRDA:3,0,0,2
BRDA:3,0,1,2
BRF:2
BRH:2
end_of_record
TN:
SF:/Users/anna/WebstormProjects/test-todo-on-next/pages/mainPage/reducers/reducer.ts
FN:14,(anonymous_0)
FN:34,(anonymous_1)
FNF:2
FNH:2
FNDA:5,(anonymous_0)
FNDA:1,(anonymous_1)
DA:1,1
DA:2,1
DA:14,1
DA:15,5
DA:16,5
DA:18,1
DA:29,1
DA:32,1
DA:34,1
DA:39,1
DA:46,1
DA:49,0
LF:12
LH:11
BRDA:17,0,0,1
BRDA:17,0,1,1
BRDA:17,0,2,1
BRDA:17,0,3,1
BRDA:17,0,4,1
BRDA:17,0,5,0
BRDA:21,1,0,0
BRDA:21,1,1,1
BRF:8
BRH:6
end_of_record
TN:
SF:/Users/anna/WebstormProjects/test-todo-on-next/pages/mainPage/utils/redux/actionCreator.ts
FN:1,createAction
FN:2,(anonymous_1)
FNF:2
FNH:2
FNDA:11,createAction
FNDA:2,(anonymous_1)
DA:1,3
DA:2,11
LF:2
LH:2
BRF:0
BRH:0
end_of_record
